  canclass.cpp
  canfactory.cpp
  can.cpp
  ChainOfResponsibility.cpp
  ConcreteAggregate.cpp
  ConcreteIterator.cpp
  factory.cpp
  Finance.cpp
  grouping_packaging.cpp
D:\Code\Github_Desktop\Can-Production\grouping_packaging.cpp(5,17): warning C4244: “=”: 从“double”转换到“int”，可能丢失数据
  main.cpp
  order.cpp
  OrderStateModel.cpp
  storehouse.cpp
  正在生成代码...
D:\Code\Github_Desktop\Can-Production\factory.cpp(34): warning C4715: “KindFactory::getKind”: 不是所有的控件路径都返回值
D:\Code\Github_Desktop\Can-Production\factory.cpp(20): warning C4715: “PackedgeFactory::getPackedge”: 不是所有的控件路径都返回值
D:\Code\Github_Desktop\Can-Production\factory.cpp(11): warning C4715: “FactoryProducer::getFactory”: 不是所有的控件路径都返回值
D:\Code\Github_Desktop\Can-Production\ConcreteIterator.cpp(43): warning C4715: “ConcreteIterator::end”: 不是所有的控件路径都返回值
D:\Code\Github_Desktop\Can-Production\ConcreteIterator.cpp(53): warning C4715: “ConcreteIterator::now”: 不是所有的控件路径都返回值
D:\Code\Github_Desktop\Can-Production\ConcreteIterator.cpp(14): warning C4715: “ConcreteIterator::first”: 不是所有的控件路径都返回值
D:\Code\Github_Desktop\Can-Production\ConcreteIterator.cpp(30): warning C4715: “ConcreteIterator::next”: 不是所有的控件路径都返回值
D:\Code\Github_Desktop\Can-Production\ConcreteAggregate.cpp(116): warning C4715: “ConcreteAggregate::GetOrder”: 不是所有的控件路径都返回值
  Can Production.vcxproj -> D:\Code\Github_Desktop\Can-Production\x64\Debug\Can Production.exe
